2026-01-21 10:40:06.964 [INFO] [WebServer] APP Trainer iniciado - Version 2.0.0
2026-01-21 10:40:06.965 [INFO] [WebServer] Web Directory: C:\Users\cleud\Documents\PROJETOS 2026\APP-1.0\app-trainer-java-web\app-trainer-java-web\web
2026-01-21 10:40:06.967 [INFO] [WebServer] PostgreSQL não configurado - usando CSV storage
2026-01-21 10:40:55.851 [INFO] [WebServer] APP Trainer iniciado - Version 2.0.0
2026-01-21 10:40:55.851 [INFO] [WebServer] Web Directory: C:\Users\cleud\Documents\PROJETOS 2026\APP-1.0\app-trainer-java-web\app-trainer-java-web\web
2026-01-21 10:40:55.853 [INFO] [WebServer] PostgreSQL não configurado - usando CSV storage
2026-01-21 10:40:56.169 [INFO] [WebServer] Server started on port 8081
2026-01-21 10:41:25.138 [WARN] [WebServer] Shutting down server...
2026-01-21 10:41:30.235 [INFO] [WebServer] Server stopped
2026-01-21 10:41:35.514 [INFO] [WebServer] APP Trainer iniciado - Version 2.0.0
2026-01-21 10:41:35.514 [INFO] [WebServer] Web Directory: C:\Users\cleud\Documents\PROJETOS 2026\APP-1.0\app-trainer-java-web\app-trainer-java-web\web
2026-01-21 10:41:35.517 [INFO] [WebServer] PostgreSQL não configurado - usando CSV storage
2026-01-21 10:41:35.828 [INFO] [WebServer] Server started on port 8081
2026-01-21 10:42:19.779 [WARN] [WebServer] Shutting down server...
2026-01-21 10:42:24.891 [INFO] [WebServer] Server stopped
2026-01-21 10:42:39.396 [INFO] [WebServer] APP Trainer iniciado - Version 2.0.0
2026-01-21 10:42:39.396 [INFO] [WebServer] Web Directory: C:\Users\cleud\Documents\PROJETOS 2026\APP-1.0\app-trainer-java-web\app-trainer-java-web\web
2026-01-21 10:42:39.399 [INFO] [WebServer] PostgreSQL não configurado - usando CSV storage
2026-01-21 10:42:39.689 [INFO] [WebServer] Server started on port 8081
2026-01-21 10:43:13.777 [INFO] [AuthHandler] New user registered: teste@example.com
2026-01-21 10:43:41.228 [WARN] [AuthHandler] Weak password for: teste2@example.com
2026-01-21 10:43:50.409 [WARN] [AuthHandler] Weak password for: teste3@example.com
2026-01-21 10:43:57.349 [WARN] [AuthHandler] Weak password for: teste4@example.com
2026-01-21 10:44:05.835 [INFO] [AuthHandler] Successful login for: teste@example.com
2026-01-21 11:36:20.882 [INFO] [WebServer] APP Trainer iniciado - Version 2.0.0
2026-01-21 11:36:20.884 [INFO] [WebServer] Web Directory: C:\Users\cleud\Documents\PROJETOS 2026\APP-1.0\app-trainer-java-web\app-trainer-java-web\web
2026-01-21 11:36:21.040 [WARN] [WebServer] PostgreSQL não disponível - usando CSV storage: Connection to localhost:5432 refused. Check that the hostname and port are correct and that the postmaster is accepting TCP/IP connections.
2026-01-21 11:36:21.412 [INFO] [WebServer] Server started on port 8081
2026-01-21 11:37:32.271 [WARN] [AuthHandler] Email already registered: teste@example.com
2026-01-21 11:37:41.109 [INFO] [AuthHandler] Successful login for: teste@example.com
2026-01-21 11:42:31.982 [INFO] [WebServer] APP Trainer iniciado - Version 2.0.0
2026-01-21 11:42:31.982 [INFO] [WebServer] Web Directory: C:\Users\cleud\Documents\PROJETOS 2026\APP-1.0\app-trainer-java-web\app-trainer-java-web\web
2026-01-21 11:42:32.694 [INFO] [WebServer] PostgreSQL Connection Pool initialized: [DB] Pool Status: Available=10, Total=10, Closed=false
2026-01-21 11:42:32.940 [INFO] [WebServer] Server started on port 8081
2026-01-21 11:42:50.739 [INFO] [AuthHandler] New user registered: novo.usuario@teste.com
2026-01-21 11:45:10.785 [INFO] [AuthHandler] Successful login for: novo.usuario@teste.com
2026-01-21 11:51:11.220 [INFO] [WebServer] APP Trainer iniciado - Version 2.0.0
2026-01-21 11:51:11.220 [INFO] [WebServer] Web Directory: C:\Users\cleud\Documents\PROJETOS 2026\APP-1.0\app-trainer-java-web\app-trainer-java-web\web
2026-01-21 11:51:11.948 [INFO] [WebServer] PostgreSQL Connection Pool initialized: [DB] Pool Status: Available=10, Total=10, Closed=false
2026-01-21 11:51:12.167 [INFO] [WebServer] Server started on port 8081
2026-01-21 11:52:06.014 [INFO] [MLServiceHandler] Request: GET /ml/coach
2026-01-21 11:52:06.125 [INFO] [MLServiceHandler] Coach query successful: Como+fazer+flexao
2026-01-21 11:53:14.304 [INFO] [MLServiceHandler] Request: GET /ml/suggest
2026-01-21 11:53:14.315 [INFO] [MLServiceHandler] Suggest query successful: objetivo=forca, nivel=avancado
2026-01-21 11:54:11.425 [INFO] [AuthHandler] Successful login for: teste@example.com
2026-01-21 11:54:11.605 [INFO] [MLServiceHandler] Request: GET /ml/coach
2026-01-21 11:54:11.623 [INFO] [MLServiceHandler] Coach query successful: qual+o+melhor+exercicio+para+peito?
2026-01-21 11:54:11.791 [INFO] [MLServiceHandler] Request: GET /ml/suggest
2026-01-21 11:54:11.796 [INFO] [MLServiceHandler] Suggest query successful: objetivo=hipertrofia, nivel=intermediario
2026-01-21 11:54:18.617 [INFO] [AuthHandler] Successful login for: teste@example.com
2026-01-21 11:54:24.335 [INFO] [MLServiceHandler] Request: GET /ml/coach
2026-01-21 11:54:24.343 [INFO] [MLServiceHandler] Coach query successful: qual+o+melhor+exercicio+para+peito
2026-01-21 11:54:28.470 [INFO] [MLServiceHandler] Request: GET /ml/suggest
2026-01-21 11:54:28.475 [INFO] [MLServiceHandler] Suggest query successful: objetivo=hipertrofia, nivel=intermediario
2026-01-21 12:10:20.204 [INFO] [WebServer] APP Trainer iniciado - Version 2.0.0
2026-01-21 12:10:20.204 [INFO] [WebServer] Web Directory: C:\Users\cleud\Documents\PROJETOS 2026\APP-1.0\app-trainer-java-web\app-trainer-java-web\web
2026-01-21 12:10:21.008 [INFO] [WebServer] PostgreSQL Connection Pool initialized: [DB] Pool Status: Available=10, Total=10, Closed=false
2026-01-21 12:10:21.224 [INFO] [WebServer] Server started on port 8081
2026-01-21 12:10:50.366 [WARN] [AuthHandler] PostgreSQL save failed, using CSV fallback: ERROR: relation "alunos" does not exist
  Posição: 13
2026-01-21 12:10:50.410 [INFO] [AuthHandler] New user registered: postgres.test@example.com
2026-01-21 12:11:57.480 [INFO] [WebServer] APP Trainer iniciado - Version 2.0.0
2026-01-21 12:11:57.481 [INFO] [WebServer] Web Directory: C:\Users\cleud\Documents\PROJETOS 2026\APP-1.0\app-trainer-java-web\app-trainer-java-web\web
2026-01-21 12:11:58.955 [INFO] [WebServer] PostgreSQL Connection Pool initialized: [DB] Pool Status: Available=10, Total=10, Closed=false
2026-01-21 12:11:59.376 [INFO] [WebServer] Server started on port 8081
2026-01-21 12:12:09.826 [INFO] [AuthHandler] User saved to PostgreSQL: novo.usuario@postgres.com
2026-01-21 12:12:09.826 [INFO] [AuthHandler] New user registered: novo.usuario@postgres.com
2026-01-21 12:28:07.738 [INFO] [AuthHandler] User saved to PostgreSQL: smoke.test@local.com
2026-01-21 12:28:07.738 [INFO] [AuthHandler] New user registered: smoke.test@local.com
2026-01-21 12:28:07.831 [WARN] [AuthHandler] Login failed - user not found: smoke.test@local.com
2026-01-21 12:28:07.883 [INFO] [MLServiceHandler] Request: GET /ml/coach
2026-01-21 12:28:08.041 [INFO] [MLServiceHandler] Coach query successful: como+fazer+supino
2026-01-21 12:28:08.057 [INFO] [MLServiceHandler] Request: GET /ml/suggest
2026-01-21 12:28:08.073 [INFO] [MLServiceHandler] Suggest query successful: objetivo=hipertrofia, nivel=intermediario
2026-01-21 12:28:39.858 [WARN] [AuthHandler] PostgreSQL save failed, using CSV fallback: ERROR: duplicate key value violates unique constraint "users_email_key"
  Detalhe: Key (email)=(smoke.test@local.com) already exists.
2026-01-21 12:28:39.914 [INFO] [AuthHandler] New user registered: smoke.test@local.com
2026-01-21 12:28:40.969 [INFO] [AuthHandler] Successful login for: smoke.test@local.com
2026-01-21 12:28:41.125 [INFO] [MLServiceHandler] Request: GET /ml/coach
2026-01-21 12:28:41.131 [INFO] [MLServiceHandler] Coach query successful: como+fazer+supino
2026-01-21 12:28:41.151 [INFO] [MLServiceHandler] Request: GET /ml/suggest
2026-01-21 12:28:41.158 [INFO] [MLServiceHandler] Suggest query successful: objetivo=hipertrofia, nivel=intermediario
2026-01-21 12:28:52.057 [INFO] [AuthHandler] User saved to PostgreSQL: java.test@local.com
2026-01-21 12:28:52.057 [INFO] [AuthHandler] New user registered: java.test@local.com
2026-01-21 12:28:52.063 [WARN] [AuthHandler] Login failed - user not found: java.test@local.com
2026-01-21 12:28:52.071 [INFO] [MLServiceHandler] Request: GET /ml/coach
2026-01-21 12:28:52.078 [INFO] [MLServiceHandler] Coach query successful: como+fazer+agachamento
2026-01-21 12:28:52.079 [INFO] [MLServiceHandler] Request: GET /ml/suggest
2026-01-21 12:28:52.088 [INFO] [MLServiceHandler] Suggest query successful: objetivo=hipertrofia, nivel=intermediario
2026-01-21 12:29:51.399 [WARN] [AuthHandler] PostgreSQL save failed, using CSV fallback: ERROR: duplicate key value violates unique constraint "users_email_key"
  Detalhe: Key (email)=(java.test@local.com) already exists.
2026-01-21 12:29:51.402 [INFO] [AuthHandler] New user registered: java.test@local.com
2026-01-21 12:29:51.418 [INFO] [AuthHandler] Successful login for: java.test@local.com
2026-01-21 12:29:51.423 [INFO] [MLServiceHandler] Request: GET /ml/coach
2026-01-21 12:29:51.433 [INFO] [MLServiceHandler] Coach query successful: como+fazer+agachamento
2026-01-21 12:29:51.435 [INFO] [MLServiceHandler] Request: GET /ml/suggest
2026-01-21 12:29:51.444 [INFO] [MLServiceHandler] Suggest query successful: objetivo=hipertrofia, nivel=intermediario
2026-01-21 12:37:58.931 [WARN] [AuthHandler] Email already registered: smoke.test@local.com
2026-01-21 12:37:59.994 [INFO] [AuthHandler] Successful login for: smoke.test@local.com
2026-01-21 12:38:00.053 [INFO] [MLServiceHandler] Request: GET /ml/coach
2026-01-21 12:38:00.090 [INFO] [MLServiceHandler] Coach query successful: como+fazer+supino
2026-01-21 12:38:00.110 [INFO] [MLServiceHandler] Request: GET /ml/suggest
2026-01-21 12:38:00.120 [INFO] [MLServiceHandler] Suggest query successful: objetivo=hipertrofia, nivel=intermediario
2026-01-21 12:38:17.534 [WARN] [AuthHandler] Email already registered: smoke.test@local.com
2026-01-21 12:38:18.584 [INFO] [AuthHandler] Successful login for: smoke.test@local.com
2026-01-21 12:38:18.605 [INFO] [MLServiceHandler] Request: GET /ml/coach
2026-01-21 12:38:18.615 [INFO] [MLServiceHandler] Coach query successful: como+fazer+supino
2026-01-21 12:38:18.637 [INFO] [MLServiceHandler] Request: GET /ml/suggest
2026-01-21 12:38:18.644 [INFO] [MLServiceHandler] Suggest query successful: objetivo=hipertrofia, nivel=intermediario
2026-01-21 12:38:43.983 [WARN] [AuthHandler] Email already registered: smoke.test@local.com
2026-01-21 12:38:45.026 [INFO] [AuthHandler] Successful login for: smoke.test@local.com
2026-01-21 12:38:45.046 [INFO] [MLServiceHandler] Request: GET /ml/coach
2026-01-21 12:38:45.055 [INFO] [MLServiceHandler] Coach query successful: como+fazer+supino
2026-01-21 12:38:45.076 [INFO] [MLServiceHandler] Request: GET /ml/suggest
2026-01-21 12:38:45.082 [INFO] [MLServiceHandler] Suggest query successful: objetivo=hipertrofia, nivel=intermediario
2026-01-21 12:39:24.175 [WARN] [AuthHandler] Email already registered: smoke.test@local.com
2026-01-21 12:39:25.227 [INFO] [AuthHandler] Successful login for: smoke.test@local.com
2026-01-21 12:39:25.247 [INFO] [MLServiceHandler] Request: GET /ml/coach
2026-01-21 12:39:25.258 [INFO] [MLServiceHandler] Coach query successful: como+fazer+supino
2026-01-21 12:39:25.277 [INFO] [MLServiceHandler] Request: GET /ml/suggest
2026-01-21 12:39:25.283 [INFO] [MLServiceHandler] Suggest query successful: objetivo=hipertrofia, nivel=intermediario
2026-01-21 12:39:46.998 [WARN] [AuthHandler] Email already registered: smoke.test@local.com
2026-01-21 12:39:48.047 [INFO] [AuthHandler] Successful login for: smoke.test@local.com
2026-01-21 12:39:48.069 [INFO] [MLServiceHandler] Request: GET /ml/coach
2026-01-21 12:39:48.077 [INFO] [MLServiceHandler] Coach query successful: como+fazer+supino
2026-01-21 12:39:48.097 [INFO] [MLServiceHandler] Request: GET /ml/suggest
2026-01-21 12:39:48.105 [INFO] [MLServiceHandler] Suggest query successful: objetivo=hipertrofia, nivel=intermediario
2026-01-21 12:39:55.495 [INFO] [AuthHandler] User saved to PostgreSQL: smoke.test.v2@local.com
2026-01-21 12:39:55.496 [INFO] [AuthHandler] New user registered: smoke.test.v2@local.com
2026-01-21 12:40:07.811 [WARN] [AuthHandler] Email already registered: smoke.test@local.com
2026-01-21 12:40:17.103 [INFO] [AuthHandler] Successful login for: smoke.test@local.com
2026-01-21 12:40:17.130 [INFO] [MLServiceHandler] Request: GET /ml/coach
2026-01-21 12:40:17.141 [INFO] [MLServiceHandler] Coach query successful: como+fazer+supino
2026-01-21 12:40:17.159 [INFO] [MLServiceHandler] Request: GET /ml/suggest
2026-01-21 12:40:17.165 [INFO] [MLServiceHandler] Suggest query successful: objetivo=hipertrofia, nivel=intermediario
2026-01-21 12:40:48.428 [WARN] [AuthHandler] Email already registered: smoke.test@local.com
2026-01-21 12:40:49.454 [INFO] [AuthHandler] Successful login for: smoke.test@local.com
2026-01-21 12:40:49.480 [INFO] [MLServiceHandler] Request: GET /ml/coach
2026-01-21 12:40:49.492 [INFO] [MLServiceHandler] Coach query successful: como+fazer+supino
2026-01-21 12:40:49.512 [INFO] [MLServiceHandler] Request: GET /ml/suggest
2026-01-21 12:40:49.516 [INFO] [MLServiceHandler] Suggest query successful: objetivo=hipertrofia, nivel=intermediario
2026-01-21 12:41:00.628 [WARN] [AuthHandler] Email already registered: smoke.test@local.com
2026-01-21 12:41:01.695 [INFO] [AuthHandler] Successful login for: smoke.test@local.com
2026-01-21 12:41:01.740 [INFO] [MLServiceHandler] Request: GET /ml/coach
2026-01-21 12:41:01.759 [INFO] [MLServiceHandler] Coach query successful: como+fazer+supino
2026-01-21 12:41:01.807 [INFO] [MLServiceHandler] Request: GET /ml/suggest
2026-01-21 12:41:01.811 [INFO] [MLServiceHandler] Suggest query successful: objetivo=hipertrofia, nivel=intermediario
2026-01-21 12:41:06.638 [WARN] [AuthHandler] Email already registered: smoke.test@local.com
2026-01-21 12:41:21.403 [WARN] [AuthHandler] Email already registered: smoke.test@local.com
2026-01-21 12:41:22.423 [INFO] [AuthHandler] Successful login for: smoke.test@local.com
2026-01-21 12:41:22.450 [INFO] [MLServiceHandler] Request: GET /ml/coach
2026-01-21 12:41:22.472 [INFO] [MLServiceHandler] Coach query successful: como+fazer+supino
2026-01-21 12:41:22.497 [INFO] [MLServiceHandler] Request: GET /ml/suggest
2026-01-21 12:41:22.501 [INFO] [MLServiceHandler] Suggest query successful: objetivo=hipertrofia, nivel=intermediario
2026-01-21 12:41:30.989 [WARN] [AuthHandler] Email already registered: smoke.test@local.com
2026-01-21 12:41:44.942 [WARN] [AuthHandler] Email already registered: smoke.test@local.com
2026-01-21 12:41:46.016 [INFO] [AuthHandler] Successful login for: smoke.test@local.com
2026-01-21 12:41:46.046 [INFO] [MLServiceHandler] Request: GET /ml/coach
2026-01-21 12:41:46.057 [INFO] [MLServiceHandler] Coach query successful: como+fazer+supino
2026-01-21 12:41:46.081 [INFO] [MLServiceHandler] Request: GET /ml/suggest
2026-01-21 12:41:46.086 [INFO] [MLServiceHandler] Suggest query successful: objetivo=hipertrofia, nivel=intermediario
2026-01-21 12:41:50.296 [WARN] [AuthHandler] Email already registered: smoke.test@local.com
2026-01-21 12:41:51.320 [INFO] [AuthHandler] Successful login for: smoke.test@local.com
2026-01-21 12:41:51.350 [INFO] [MLServiceHandler] Request: GET /ml/coach
2026-01-21 12:41:51.362 [INFO] [MLServiceHandler] Coach query successful: como+fazer+supino
2026-01-21 12:41:51.385 [INFO] [MLServiceHandler] Request: GET /ml/suggest
2026-01-21 12:41:51.393 [INFO] [MLServiceHandler] Suggest query successful: objetivo=hipertrofia, nivel=intermediario
2026-01-21 12:42:02.467 [WARN] [AuthHandler] Email already registered: smoke.test@local.com
2026-01-21 12:42:03.487 [INFO] [AuthHandler] Successful login for: smoke.test@local.com
2026-01-21 12:42:03.513 [INFO] [MLServiceHandler] Request: GET /ml/coach
2026-01-21 12:42:03.521 [INFO] [MLServiceHandler] Coach query successful: como+fazer+supino
2026-01-21 12:42:03.540 [INFO] [MLServiceHandler] Request: GET /ml/suggest
2026-01-21 12:42:03.558 [INFO] [MLServiceHandler] Suggest query successful: objetivo=hipertrofia, nivel=intermediario
2026-01-21 12:42:23.577 [WARN] [AuthHandler] Email already registered: smoke.test@local.com
2026-01-21 12:42:24.602 [INFO] [AuthHandler] Successful login for: smoke.test@local.com
2026-01-21 12:42:24.633 [INFO] [MLServiceHandler] Request: GET /ml/coach
2026-01-21 12:42:24.641 [INFO] [MLServiceHandler] Coach query successful: como+fazer+supino
2026-01-21 12:42:24.664 [INFO] [MLServiceHandler] Request: GET /ml/suggest
2026-01-21 12:42:24.685 [INFO] [MLServiceHandler] Suggest query successful: objetivo=hipertrofia, nivel=intermediario
2026-01-21 12:42:40.531 [WARN] [AuthHandler] Email already registered: smoke.test@local.com
2026-01-21 12:42:41.545 [INFO] [AuthHandler] Successful login for: smoke.test@local.com
2026-01-21 12:42:41.570 [INFO] [MLServiceHandler] Request: GET /ml/coach
2026-01-21 12:42:41.580 [INFO] [MLServiceHandler] Coach query successful: como+fazer+supino
2026-01-21 12:42:41.612 [INFO] [MLServiceHandler] Request: GET /ml/suggest
2026-01-21 12:42:41.619 [INFO] [MLServiceHandler] Suggest query successful: objetivo=hipertrofia, nivel=intermediario
